<?xml version="1.0" encoding="UTF-8"?>
<!-- Generated by org.testng.reporters.JUnitReportReporter -->
<testsuite skipped="0" hostname="DESKTOP-648A4DK" name="come.wordpress.TeseCases.VerifyWordpressLogin" tests="1" failures="0" timestamp="06 Feb 2018 16:53:32 GMT" time="8.575" errors="0">
  <testcase name="verifyValidlogin" time="8.575" classname="come.wordpress.TeseCases.VerifyWordpressLogin"/>
</testsuite> <!-- come.wordpress.TeseCases.VerifyWordpressLogin -->
