<?xml version="1.0" encoding="UTF-8"?>
<!-- Generated by org.testng.reporters.JUnitReportReporter -->
<testsuite skipped="0" hostname="DESKTOP-648A4DK" name="jenkinDemo.JenkinIntegrationWithSelenium" tests="1" failures="0" timestamp="06 Mar 2018 17:51:44 GMT" time="0.008" errors="0">
  <testcase name="testJenkin" time="0.008" classname="jenkinDemo.JenkinIntegrationWithSelenium"/>
</testsuite> <!-- jenkinDemo.JenkinIntegrationWithSelenium -->
