<?xml version="1.0" encoding="UTF-8"?>
<!-- Generated by org.testng.reporters.JUnitReportReporter -->
<testsuite skipped="0" hostname="DESKTOP-648A4DK" name="exception.ElementNotVisibleException" tests="1" failures="0" timestamp="01 Mar 2018 19:29:51 GMT" time="6.941" errors="0">
  <testcase name="hiddenElement" time="6.941" classname="exception.ElementNotVisibleException"/>
</testsuite> <!-- exception.ElementNotVisibleException -->
