<?xml version="1.0" encoding="UTF-8"?>
<!-- Generated by org.testng.reporters.JUnitReportReporter -->
<testsuite skipped="0" hostname="DESKTOP-648A4DK" name="datadrivenFrame.WordpressLogin" tests="3" failures="0" timestamp="13 Feb 2018 16:29:11 GMT" time="33.798" errors="0">
  <testcase name="loginToWordpress" time="9.568" classname="datadrivenFrame.WordpressLogin"/>
  <testcase name="loginToWordpress" time="13.562" classname="datadrivenFrame.WordpressLogin"/>
  <testcase name="loginToWordpress" time="10.668" classname="datadrivenFrame.WordpressLogin"/>
</testsuite> <!-- datadrivenFrame.WordpressLogin -->
